1666493632952	geckodriver	INFO	Listening on 127.0.0.1:63406
1666493633423	mozrunner::runner	INFO	Running command: "/Applications/Firefox.app/Contents/MacOS/firefox-bin" "--marionette" "--remote-debugging-port" "63407" "--remote-allow-hosts" "localhost" "-foreground" "-no-remote" "-profile" "/var/folders/t3/p57_ldq52l9g5yc_3tqz79tw0000gp/T/rust_mozprofilemL69Aa"
1666493635519	addons.webextension.doh-rollout@mozilla.org	WARN	Loading extension 'doh-rollout@mozilla.org': Reading manifest: Invalid extension permission: networkStatus
1666493635777	addons.webextension.screenshots@mozilla.org	WARN	Loading extension 'screenshots@mozilla.org': Reading manifest: Invalid extension permission: mozillaAddons
1666493635777	addons.webextension.screenshots@mozilla.org	WARN	Loading extension 'screenshots@mozilla.org': Reading manifest: Invalid extension permission: telemetry
1666493635777	addons.webextension.screenshots@mozilla.org	WARN	Loading extension 'screenshots@mozilla.org': Reading manifest: Invalid extension permission: resource://pdf.js/
1666493635777	addons.webextension.screenshots@mozilla.org	WARN	Loading extension 'screenshots@mozilla.org': Reading manifest: Invalid extension permission: about:reader*
[GFX1-]: [OPENGL] Failed to init compositor with reason: FEATURE_FAILURE_OPENGL_CREATE_CONTEXT
2022-10-22 22:53:59.071 firefox-bin[72067:2758932] Warning: Expected min height of view: (<NSButton: 0x13002f400>) to be less than or equal to 30 but got a height of 32.000000. This error will be logged once per view in violation.
2022-10-22 22:53:59.071 firefox-bin[72067:2758932] Warning: Expected min height of view: (<NSButton: 0x138109400>) to be less than or equal to 30 but got a height of 32.000000. This error will be logged once per view in violation.
2022-10-22 22:53:59.072 firefox-bin[72067:2758932] Warning: Expected min height of view: (<NSButton: 0x138109800>) to be less than or equal to 30 but got a height of 32.000000. This error will be logged once per view in violation.
2022-10-22 22:53:59.072 firefox-bin[72067:2758932] Warning: Expected min height of view: (<NSButton: 0x138109c00>) to be less than or equal to 30 but got a height of 32.000000. This error will be logged once per view in violation.
2022-10-22 22:53:59.072 firefox-bin[72067:2758932] Warning: Expected min height of view: (<NSButton: 0x13810a400>) to be less than or equal to 30 but got a height of 32.000000. This error will be logged once per view in violation.
2022-10-22 22:53:59.073 firefox-bin[72067:2758932] Warning: Expected min height of view: (<NSPopoverTouchBarItemButton: 0x13810ac00>) to be less than or equal to 30 but got a height of 32.000000. This error will be logged once per view in violation.
2022-10-22 22:53:59.073 firefox-bin[72067:2758932] Warning: Expected min height of view: (<NSPopoverTouchBarItemButton: 0x138134c00>) to be less than or equal to 30 but got a height of 32.000000. This error will be logged once per view in violation.
JavaScript error: chrome://remote/content/RemoteAgent.jsm, line 36: Error: Remote agent is disabled by preference
1666493640482	Marionette	INFO	Listening on port 63422
DevTools listening on true
1666493640526	Marionette	WARN	TLS certificate errors will be ignored for this session
JavaScript error: resource://gre/modules/XULStore.jsm, line 66: Error: Can't find profile directory.
1666493646535	Marionette	INFO	Stopped listening on port 63422
** Unknown exception behavior: 0
1666493664466	geckodriver	INFO	Listening on 127.0.0.1:63665
1666493664964	mozrunner::runner	INFO	Running command: "/Applications/Firefox.app/Contents/MacOS/firefox-bin" "--marionette" "--remote-debugging-port" "63666" "--remote-allow-hosts" "localhost" "-foreground" "-no-remote" "-profile" "/var/folders/t3/p57_ldq52l9g5yc_3tqz79tw0000gp/T/rust_mozprofileUl6pTw"
1666493666752	addons.webextension.doh-rollout@mozilla.org	WARN	Loading extension 'doh-rollout@mozilla.org': Reading manifest: Invalid extension permission: networkStatus
1666493667020	addons.webextension.screenshots@mozilla.org	WARN	Loading extension 'screenshots@mozilla.org': Reading manifest: Invalid extension permission: mozillaAddons
1666493667020	addons.webextension.screenshots@mozilla.org	WARN	Loading extension 'screenshots@mozilla.org': Reading manifest: Invalid extension permission: telemetry
1666493667020	addons.webextension.screenshots@mozilla.org	WARN	Loading extension 'screenshots@mozilla.org': Reading manifest: Invalid extension permission: resource://pdf.js/
1666493667021	addons.webextension.screenshots@mozilla.org	WARN	Loading extension 'screenshots@mozilla.org': Reading manifest: Invalid extension permission: about:reader*
[GFX1-]: [OPENGL] Failed to init compositor with reason: FEATURE_FAILURE_OPENGL_CREATE_CONTEXT
2022-10-22 22:54:29.836 firefox-bin[72102:2759765] Warning: Expected min height of view: (<NSButton: 0x137c72000>) to be less than or equal to 30 but got a height of 32.000000. This error will be logged once per view in violation.
2022-10-22 22:54:29.836 firefox-bin[72102:2759765] Warning: Expected min height of view: (<NSButton: 0x13a181800>) to be less than or equal to 30 but got a height of 32.000000. This error will be logged once per view in violation.
2022-10-22 22:54:29.837 firefox-bin[72102:2759765] Warning: Expected min height of view: (<NSButton: 0x13a181c00>) to be less than or equal to 30 but got a height of 32.000000. This error will be logged once per view in violation.
2022-10-22 22:54:29.837 firefox-bin[72102:2759765] Warning: Expected min height of view: (<NSButton: 0x13a182000>) to be less than or equal to 30 but got a height of 32.000000. This error will be logged once per view in violation.
2022-10-22 22:54:29.837 firefox-bin[72102:2759765] Warning: Expected min height of view: (<NSButton: 0x13a182800>) to be less than or equal to 30 but got a height of 32.000000. This error will be logged once per view in violation.
2022-10-22 22:54:29.838 firefox-bin[72102:2759765] Warning: Expected min height of view: (<NSPopoverTouchBarItemButton: 0x13a183000>) to be less than or equal to 30 but got a height of 32.000000. This error will be logged once per view in violation.
2022-10-22 22:54:29.838 firefox-bin[72102:2759765] Warning: Expected min height of view: (<NSPopoverTouchBarItemButton: 0x137c73400>) to be less than or equal to 30 but got a height of 32.000000. This error will be logged once per view in violation.
JavaScript error: chrome://remote/content/RemoteAgent.jsm, line 36: Error: Remote agent is disabled by preference
1666493671165	Marionette	INFO	Listening on port 63677
DevTools listening on true
1666493671190	Marionette	WARN	TLS certificate errors will be ignored for this session
JavaScript error: resource://gre/modules/XULStore.jsm, line 66: Error: Can't find profile directory.
[GFX1-]: [OPENGL] Failed to init compositor with reason: FEATURE_FAILURE_OPENGL_CREATE_CONTEXT
2022-10-22 22:54:44.896 firefox-bin[72102:2759765] Warning: Expected min height of view: (<NSButton: 0x1131e6000>) to be less than or equal to 30 but got a height of 32.000000. This error will be logged once per view in violation.
2022-10-22 22:54:44.896 firefox-bin[72102:2759765] Warning: Expected min height of view: (<NSButton: 0x131a29000>) to be less than or equal to 30 but got a height of 32.000000. This error will be logged once per view in violation.
2022-10-22 22:54:44.896 firefox-bin[72102:2759765] Warning: Expected min height of view: (<NSButton: 0x132072800>) to be less than or equal to 30 but got a height of 32.000000. This error will be logged once per view in violation.
2022-10-22 22:54:44.897 firefox-bin[72102:2759765] Warning: Expected min height of view: (<NSButton: 0x13f690c00>) to be less than or equal to 30 but got a height of 32.000000. This error will be logged once per view in violation.
2022-10-22 22:54:44.901 firefox-bin[72102:2759765] Warning: Expected min height of view: (<NSButton: 0x13fe2d800>) to be less than or equal to 30 but got a height of 32.000000. This error will be logged once per view in violation.
2022-10-22 22:54:44.902 firefox-bin[72102:2759765] Warning: Expected min height of view: (<NSPopoverTouchBarItemButton: 0x13ffa8c00>) to be less than or equal to 30 but got a height of 32.000000. This error will be logged once per view in violation.
2022-10-22 22:54:44.902 firefox-bin[72102:2759765] Warning: Expected min height of view: (<NSPopoverTouchBarItemButton: 0x140a3e800>) to be less than or equal to 30 but got a height of 32.000000. This error will be logged once per view in violation.
1666493688561	Marionette	INFO	Stopped listening on port 63677
** Unknown exception behavior: 0
